<?xml version="1.0" encoding="UTF-8" standalone="no"?>
<!DOCTYPE log SYSTEM "logger.dtd">
<log>
<record>
  <date>2017-05-29T14:07:58.366-0300</date>
  <logger>MARIA CLARA MORAES MONTEIRO DANTAS</logger>
  <level>FINE</level>
  <message>File 115110043-MARIA CLARA MORAES MONTEIRO DANTAS.zip was received. It was sent by MARIA CLARA MORAES MONTEIRO DANTAS from IP 127.0.1.1</message>
</record>
</log>
<?xml version="1.0" encoding="UTF-8" standalone="no"?>
<!DOCTYPE log SYSTEM "logger.dtd">
<log>
<record>
  <date>2017-05-29T22:13:46.935-0300</date>
  <logger>MARIA CLARA MORAES MONTEIRO DANTAS</logger>
  <level>FINE</level>
  <message>File 115110043-MARIA CLARA MORAES MONTEIRO DANTAS.zip was received. It was sent by MARIA CLARA MORAES MONTEIRO DANTAS from IP 127.0.1.1</message>
</record>
</log>
<?xml version="1.0" encoding="UTF-8" standalone="no"?>
<!DOCTYPE log SYSTEM "logger.dtd">
<log>
<record>
  <date>2017-05-29T22:14:52.329-0300</date>
  <logger>MARIA CLARA MORAES MONTEIRO DANTAS</logger>
  <level>FINE</level>
  <message>File 115110043-MARIA CLARA MORAES MONTEIRO DANTAS.zip was received. It was sent by MARIA CLARA MORAES MONTEIRO DANTAS from IP 127.0.1.1</message>
</record>
</log>
<?xml version="1.0" encoding="UTF-8" standalone="no"?>
<!DOCTYPE log SYSTEM "logger.dtd">
<log>
<record>
  <date>2017-05-29T22:19:33.357-0300</date>
  <logger>MARIA CLARA MORAES MONTEIRO DANTAS</logger>
  <level>FINE</level>
  <message>File 115110043-MARIA CLARA MORAES MONTEIRO DANTAS.zip was received. It was sent by MARIA CLARA MORAES MONTEIRO DANTAS from IP 127.0.1.1</message>
</record>
</log>
<?xml version="1.0" encoding="UTF-8" standalone="no"?>
<!DOCTYPE log SYSTEM "logger.dtd">
<log>
<record>
  <date>2017-05-29T22:21:32.928-0300</date>
  <logger>MARIA CLARA MORAES MONTEIRO DANTAS</logger>
  <level>FINE</level>
  <message>File 115110043-MARIA CLARA MORAES MONTEIRO DANTAS.zip was received. It was sent by MARIA CLARA MORAES MONTEIRO DANTAS from IP 127.0.1.1</message>
</record>
</log>
<?xml version="1.0" encoding="UTF-8" standalone="no"?>
<!DOCTYPE log SYSTEM "logger.dtd">
<log>
<record>
  <date>2017-05-29T22:22:38.349-0300</date>
  <logger>MARIA CLARA MORAES MONTEIRO DANTAS</logger>
  <level>FINE</level>
  <message>File 115110043-MARIA CLARA MORAES MONTEIRO DANTAS.zip was received. It was sent by MARIA CLARA MORAES MONTEIRO DANTAS from IP 127.0.1.1</message>
</record>
</log>
<?xml version="1.0" encoding="UTF-8" standalone="no"?>
<!DOCTYPE log SYSTEM "logger.dtd">
<log>
<record>
  <date>2017-05-29T22:23:28.356-0300</date>
  <logger>MARIA CLARA MORAES MONTEIRO DANTAS</logger>
  <level>FINE</level>
  <message>File 115110043-MARIA CLARA MORAES MONTEIRO DANTAS.zip was received. It was sent by MARIA CLARA MORAES MONTEIRO DANTAS from IP 127.0.1.1</message>
</record>
</log>
<?xml version="1.0" encoding="UTF-8" standalone="no"?>
<!DOCTYPE log SYSTEM "logger.dtd">
<log>
<record>
  <date>2017-05-29T22:24:20.608-0300</date>
  <logger>MARIA CLARA MORAES MONTEIRO DANTAS</logger>
  <level>FINE</level>
  <message>File 115110043-MARIA CLARA MORAES MONTEIRO DANTAS.zip was received. It was sent by MARIA CLARA MORAES MONTEIRO DANTAS from IP 127.0.1.1</message>
</record>
