<?xml version="1.0" encoding="UTF-8" standalone="no"?>
<!DOCTYPE log SYSTEM "logger.dtd">
<log>
<record>
  <date>2017-05-15T14:04:08.974-0300</date>
  <logger>MARIA CLARA MORAES MONTEIRO DANTAS</logger>
  <level>FINE</level>
  <message>File 115110043-MARIA CLARA MORAES MONTEIRO DANTAS.zip was received. It was sent by MARIA CLARA MORAES MONTEIRO DANTAS from IP 127.0.1.1</message>
</record>
</log>
<?xml version="1.0" encoding="UTF-8" standalone="no"?>
<!DOCTYPE log SYSTEM "logger.dtd">
<log>
<record>
  <date>2017-05-15T14:05:46.189-0300</date>
  <logger>MARIA CLARA MORAES MONTEIRO DANTAS</logger>
  <level>FINE</level>
  <message>File 115110043-MARIA CLARA MORAES MONTEIRO DANTAS.zip was received. It was sent by MARIA CLARA MORAES MONTEIRO DANTAS from IP 127.0.1.1</message>
</record>
</log>
<?xml version="1.0" encoding="UTF-8" standalone="no"?>
<!DOCTYPE log SYSTEM "logger.dtd">
<log>
<record>
  <date>2017-05-15T22:15:52.286-0300</date>
  <logger>MARIA CLARA MORAES MONTEIRO DANTAS</logger>
  <level>FINE</level>
  <message>File 115110043-MARIA CLARA MORAES MONTEIRO DANTAS.zip was received. It was sent by MARIA CLARA MORAES MONTEIRO DANTAS from IP 127.0.1.1</message>
</record>
</log>
<?xml version="1.0" encoding="UTF-8" standalone="no"?>
<!DOCTYPE log SYSTEM "logger.dtd">
<log>
<record>
  <date>2017-05-15T22:51:01.855-0300</date>
  <logger>MARIA CLARA MORAES MONTEIRO DANTAS</logger>
  <level>FINE</level>
  <message>File 115110043-MARIA CLARA MORAES MONTEIRO DANTAS.zip was received. It was sent by MARIA CLARA MORAES MONTEIRO DANTAS from IP 127.0.1.1</message>
</record>
</log>
<?xml version="1.0" encoding="UTF-8" standalone="no"?>
<!DOCTYPE log SYSTEM "logger.dtd">
<log>
<record>
  <date>2017-05-15T23:26:48.398-0300</date>
  <logger>MARIA CLARA MORAES MONTEIRO DANTAS</logger>
  <level>FINE</level>
  <message>File 115110043-MARIA CLARA MORAES MONTEIRO DANTAS.zip was received. It was sent by MARIA CLARA MORAES MONTEIRO DANTAS from IP 127.0.1.1</message>
</record>
