<?xml version="1.0" encoding="UTF-8" standalone="no"?>
<!DOCTYPE log SYSTEM "logger.dtd">
<log>
<record>
  <date>2017-05-24T16:08:16.807-0300</date>
  <logger>MARIA CLARA MORAES MONTEIRO DANTAS</logger>
  <level>FINE</level>
  <message>File 115110043-MARIA CLARA MORAES MONTEIRO DANTAS.zip was received. It was sent by MARIA CLARA MORAES MONTEIRO DANTAS from IP 127.0.1.1</message>
</record>
</log>
<?xml version="1.0" encoding="UTF-8" standalone="no"?>
<!DOCTYPE log SYSTEM "logger.dtd">
<log>
<record>
  <date>2017-05-24T16:57:04.786-0300</date>
  <logger>MARIA CLARA MORAES MONTEIRO DANTAS</logger>
  <level>FINE</level>
  <message>File 115110043-MARIA CLARA MORAES MONTEIRO DANTAS.zip was received. It was sent by MARIA CLARA MORAES MONTEIRO DANTAS from IP 127.0.1.1</message>
</record>
</log>
<?xml version="1.0" encoding="UTF-8" standalone="no"?>
<!DOCTYPE log SYSTEM "logger.dtd">
<log>
<record>
  <date>2017-05-24T23:11:06.706-0300</date>
  <logger>MARIA CLARA MORAES MONTEIRO DANTAS</logger>
  <level>FINE</level>
  <message>File 115110043-MARIA CLARA MORAES MONTEIRO DANTAS.zip was received. It was sent by MARIA CLARA MORAES MONTEIRO DANTAS from IP 127.0.1.1</message>
</record>
